2024-02-18 10:49:02,970 INFO [root][base.py (__init__:15)] - 初始化driver<selenium.webdriver.chrome.webdriver.WebDriver (session="befc56e9632b0667af315818be08a4aa")>
2024-02-18 10:49:02,972 INFO [root][base.py (base_click:34)] - 正在点击元素：css_selector
2024-02-18 10:49:04,508 INFO [root][base.py (base_click:34)] - 正在点击元素：css_selector
2024-02-18 10:49:04,610 INFO [root][base.py (base_input:39)] - 成功获取元素：css_selector
2024-02-18 10:49:04,618 INFO [root][base.py (base_input:42)] - 正在清空元素：css_selector
2024-02-18 10:49:04,642 INFO [root][base.py (base_input:44)] - 正在输入元素：css_selector
2024-02-18 10:49:04,779 INFO [root][base.py (base_input:39)] - 成功获取元素：css_selector
2024-02-18 10:49:04,788 INFO [root][base.py (base_input:42)] - 正在清空元素：css_selector
2024-02-18 10:49:04,800 INFO [root][base.py (base_input:44)] - 正在输入元素：css_selector
2024-02-18 10:49:04,860 INFO [root][base.py (base_click:34)] - 正在点击元素：css_selector
2024-02-18 10:49:10,317 INFO [root][base.py (base_element_is_exist:91)] - 元素不存在：xpath
2024-02-18 10:49:10,317 INFO [root][test_mail_pwd_login.py (test_login:21)] - 登录成功，用户昵称存在
2024-02-18 10:49:10,317 INFO [root][base.py (__init__:15)] - 初始化driver<selenium.webdriver.chrome.webdriver.WebDriver (session="befc56e9632b0667af315818be08a4aa")>
2024-02-18 10:49:10,317 INFO [root][base.py (base_click:34)] - 正在点击元素：css_selector
2024-02-18 10:49:10,461 INFO [root][base.py (base_click:34)] - 正在点击元素：css_selector
2024-02-18 10:49:11,059 INFO [root][base.py (base_click:34)] - 正在点击元素：xpath
2024-02-18 10:49:11,656 INFO [root][base.py (base_click:34)] - 正在点击元素：xpath
2024-02-18 10:49:12,221 INFO [root][base.py (base_click:34)] - 正在点击元素：xpath
2024-02-18 10:49:16,539 INFO [root][base.py (base_click:34)] - 正在点击元素：xpath
2024-02-18 10:49:20,768 INFO [root][base.py (base_click:34)] - 正在点击元素：xpath
2024-02-18 10:49:24,902 INFO [root][base.py (base_click:34)] - 正在点击元素：xpath
2024-02-18 10:49:24,951 INFO [root][base.py (base_click:34)] - 正在点击元素：xpath
2024-02-18 10:49:25,025 INFO [root][base.py (base_click:34)] - 正在点击元素：xpath
2024-02-18 10:49:25,072 INFO [root][base.py (base_click:34)] - 正在点击元素：xpath
2024-02-18 10:49:25,128 INFO [root][base.py (base_click:34)] - 正在点击元素：xpath
2024-02-18 10:49:25,209 INFO [root][base.py (base_click:34)] - 正在点击元素：css_selector
2024-02-18 10:49:27,502 INFO [root][test_inquery.py (test_inquery:19)] - 成功发布询价
